# JRE version: Java(TM) SE Runtime Environment (21.0.5+9) (build 21.0.5+9-LTS-239)
# Java VM: Java HotSpot(TM) 64-Bit Server VM (21.0.5+9-LTS-239, mixed mode, sharing, tiered, compressed oops, compressed class ptrs, parallel gc, windows-amd64)
GC Precious Log:
 CardTable entry size: 512
 CPUs: 8 total, 8 available
 Memory: 7932M
 Large Page Support: Disabled
 NUMA Support: Disabled
 Compressed Oops: Enabled (32-bit)
 Alignments: Space 512K, Generation 512K, Heap 2M
 Heap Min Capacity: 100M
 Heap Initial Capacity: 100M
 Heap Max Capacity: 2G
 Pre-touch: Disabled
 Parallel Workers: 8
Heap:
 PSYoungGen      total 32256K, used 10102K [0x00000000d5580000, 0x00000000d7f80000, 0x0000000100000000)
  eden space 22528K, 1% used [0x00000000d5580000,0x00000000d55ef3c8,0x00000000d6b80000)
  from space 9728K, 99% used [0x00000000d6e80000,0x00000000d77ee6d0,0x00000000d7800000)
  to   space 7680K, 0% used [0x00000000d7800000,0x00000000d7800000,0x00000000d7f80000)
 ParOldGen       total 300032K, used 253624K [0x0000000080000000, 0x0000000092500000, 0x00000000d5580000)
  object space 300032K, 84% used [0x0000000080000000,0x000000008f7ae030,0x0000000092500000)
 Metaspace       used 67544K, committed 68992K, reserved 1114112K
  class space    used 6854K, committed 7488K, reserved 1048576K
GC Heap History (20 events):
Event: 104.715 GC heap before
{Heap before GC invocations=189 (full 12):
 PSYoungGen      total 48640K, used 48384K [0x00000000d5580000, 0x00000000d9980000, 0x0000000100000000)
  eden space 31744K, 99% used [0x00000000d5580000,0x00000000d74718d0,0x00000000d7480000)
  from space 16896K, 98% used [0x00000000d7500000,0x00000000d854e810,0x00000000d8580000)
  to   space 18944K, 0% used [0x00000000d8700000,0x00000000d8700000,0x00000000d9980000)
 ParOldGen       total 300032K, used 233586K [0x0000000080000000, 0x0000000092500000, 0x00000000d5580000)
  object space 300032K, 77% used [0x0000000080000000,0x000000008e41c828,0x0000000092500000)
 Metaspace       used 61569K, committed 62976K, reserved 1114112K
  class space    used 6348K, committed 6912K, reserved 1048576K
}
Event: 104.754 GC heap after
{Heap after GC invocations=189 (full 12):
 PSYoungGen      total 42496K, used 18920K [0x00000000d5580000, 0x00000000da900000, 0x0000000100000000)
  eden space 23552K, 0% used [0x00000000d5580000,0x00000000d5580000,0x00000000d6c80000)
  from space 18944K, 99% used [0x00000000d8700000,0x00000000d997a060,0x00000000d9980000)
  to   space 27136K, 0% used [0x00000000d6c80000,0x00000000d6c80000,0x00000000d8700000)
 ParOldGen       total 300032K, used 240146K [0x0000000080000000, 0x0000000092500000, 0x00000000d5580000)
  object space 300032K, 80% used [0x0000000080000000,0x000000008ea84828,0x0000000092500000)
 Metaspace       used 61569K, committed 62976K, reserved 1114112K
  class space    used 6348K, committed 6912K, reserved 1048576K
}
Event: 105.218 GC heap before
{Heap before GC invocations=190 (full 12):
 PSYoungGen      total 42496K, used 42472K [0x00000000d5580000, 0x00000000da900000, 0x0000000100000000)
  eden space 23552K, 100% used [0x00000000d5580000,0x00000000d6c80000,0x00000000d6c80000)
  from space 18944K, 99% used [0x00000000d8700000,0x00000000d997a060,0x00000000d9980000)
  to   space 27136K, 0% used [0x00000000d6c80000,0x00000000d6c80000,0x00000000d8700000)
 ParOldGen       total 300032K, used 240146K [0x0000000080000000, 0x0000000092500000, 0x00000000d5580000)
  object space 300032K, 80% used [0x0000000080000000,0x000000008ea84828,0x0000000092500000)
 Metaspace       used 61857K, committed 63296K, reserved 1114112K
  class space    used 6385K, committed 6976K, reserved 1048576K
}
Event: 105.250 GC heap after
{Heap after GC invocations=190 (full 12):
 PSYoungGen      total 43008K, used 19343K [0x00000000d5580000, 0x00000000d9780000, 0x0000000100000000)
  eden space 23552K, 0% used [0x00000000d5580000,0x00000000d5580000,0x00000000d6c80000)
  from space 19456K, 99% used [0x00000000d6c80000,0x00000000d7f63e78,0x00000000d7f80000)
  to   space 22016K, 0% used [0x00000000d8200000,0x00000000d8200000,0x00000000d9780000)
 ParOldGen       total 300032K, used 240154K [0x0000000080000000, 0x0000000092500000, 0x00000000d5580000)
  object space 300032K, 80% used [0x0000000080000000,0x000000008ea86828,0x0000000092500000)
 Metaspace       used 61857K, committed 63296K, reserved 1114112K
  class space    used 6385K, committed 6976K, reserved 1048576K
}
Event: 105.598 GC heap before
{Heap before GC invocations=191 (full 12):
 PSYoungGen      total 43008K, used 42895K [0x00000000d5580000, 0x00000000d9780000, 0x0000000100000000)
  eden space 23552K, 100% used [0x00000000d5580000,0x00000000d6c80000,0x00000000d6c80000)
  from space 19456K, 99% used [0x00000000d6c80000,0x00000000d7f63e78,0x00000000d7f80000)
  to   space 22016K, 0% used [0x00000000d8200000,0x00000000d8200000,0x00000000d9780000)
 ParOldGen       total 300032K, used 240154K [0x0000000080000000, 0x0000000092500000, 0x00000000d5580000)
  object space 300032K, 80% used [0x0000000080000000,0x000000008ea86828,0x0000000092500000)
 Metaspace       used 61921K, committed 63360K, reserved 1114112K
  class space    used 6389K, committed 6976K, reserved 1048576K
}
Event: 105.619 GC heap after
{Heap after GC invocations=191 (full 12):
 PSYoungGen      total 44032K, used 20039K [0x00000000d5580000, 0x00000000d9600000, 0x0000000100000000)
  eden space 23552K, 0% used [0x00000000d5580000,0x00000000d5580000,0x00000000d6c80000)
  from space 20480K, 97% used [0x00000000d8200000,0x00000000d9591ec0,0x00000000d9600000)
  to   space 20480K, 0% used [0x00000000d6e00000,0x00000000d6e00000,0x00000000d8200000)
 ParOldGen       total 300032K, used 240162K [0x0000000080000000, 0x0000000092500000, 0x00000000d5580000)
  object space 300032K, 80% used [0x0000000080000000,0x000000008ea88828,0x0000000092500000)
 Metaspace       used 61921K, committed 63360K, reserved 1114112K
  class space    used 6389K, committed 6976K, reserved 1048576K
}
Event: 106.117 GC heap before
{Heap before GC invocations=192 (full 12):
 PSYoungGen      total 44032K, used 43581K [0x00000000d5580000, 0x00000000d9600000, 0x0000000100000000)
  eden space 23552K, 99% used [0x00000000d5580000,0x00000000d6c7d628,0x00000000d6c80000)
  from space 20480K, 97% used [0x00000000d8200000,0x00000000d9591ec0,0x00000000d9600000)
  to   space 20480K, 0% used [0x00000000d6e00000,0x00000000d6e00000,0x00000000d8200000)
 ParOldGen       total 300032K, used 240162K [0x0000000080000000, 0x0000000092500000, 0x00000000d5580000)
  object space 300032K, 80% used [0x0000000080000000,0x000000008ea88828,0x0000000092500000)
 Metaspace       used 62955K, committed 64448K, reserved 1114112K
  class space    used 6467K, committed 7040K, reserved 1048576K
}
Event: 106.138 GC heap after
{Heap after GC invocations=192 (full 12):
 PSYoungGen      total 43008K, used 19353K [0x00000000d5580000, 0x00000000d9380000, 0x0000000100000000)
  eden space 23552K, 0% used [0x00000000d5580000,0x00000000d5580000,0x00000000d6c80000)
  from space 19456K, 99% used [0x00000000d6e00000,0x00000000d80e6470,0x00000000d8100000)
  to   space 18944K, 0% used [0x00000000d8100000,0x00000000d8100000,0x00000000d9380000)
 ParOldGen       total 300032K, used 240170K [0x0000000080000000, 0x0000000092500000, 0x00000000d5580000)
  object space 300032K, 80% used [0x0000000080000000,0x000000008ea8a828,0x0000000092500000)
 Metaspace       used 62955K, committed 64448K, reserved 1114112K
  class space    used 6467K, committed 7040K, reserved 1048576K
}
Event: 107.186 GC heap before
{Heap before GC invocations=193 (full 12):
 PSYoungGen      total 43008K, used 42905K [0x00000000d5580000, 0x00000000d9380000, 0x0000000100000000)
  eden space 23552K, 99% used [0x00000000d5580000,0x00000000d6c7fff0,0x00000000d6c80000)
  from space 19456K, 99% used [0x00000000d6e00000,0x00000000d80e6470,0x00000000d8100000)
  to   space 18944K, 0% used [0x00000000d8100000,0x00000000d8100000,0x00000000d9380000)
 ParOldGen       total 300032K, used 240170K [0x0000000080000000, 0x0000000092500000, 0x00000000d5580000)
  object space 300032K, 80% used [0x0000000080000000,0x000000008ea8a828,0x0000000092500000)
 Metaspace       used 63294K, committed 64768K, reserved 1114112K
  class space    used 6481K, committed 7104K, reserved 1048576K
}
Event: 107.211 GC heap after
{Heap after GC invocations=193 (full 12):
 PSYoungGen      total 42496K, used 18941K [0x00000000d5580000, 0x00000000d9580000, 0x0000000100000000)
  eden space 23552K, 0% used [0x00000000d5580000,0x00000000d5580000,0x00000000d6c80000)
  from space 18944K, 99% used [0x00000000d8100000,0x00000000d937f6a0,0x00000000d9380000)
  to   space 20992K, 0% used [0x00000000d6c80000,0x00000000d6c80000,0x00000000d8100000)
 ParOldGen       total 300032K, used 241802K [0x0000000080000000, 0x0000000092500000, 0x00000000d5580000)
  object space 300032K, 80% used [0x0000000080000000,0x000000008ec22828,0x0000000092500000)
 Metaspace       used 63294K, committed 64768K, reserved 1114112K
  class space    used 6481K, committed 7104K, reserved 1048576K
}
Event: 108.260 GC heap before
{Heap before GC invocations=194 (full 12):
 PSYoungGen      total 42496K, used 41699K [0x00000000d5580000, 0x00000000d9580000, 0x0000000100000000)
  eden space 23552K, 96% used [0x00000000d5580000,0x00000000d6bb9648,0x00000000d6c80000)
  from space 18944K, 99% used [0x00000000d8100000,0x00000000d937f6a0,0x00000000d9380000)
  to   space 20992K, 0% used [0x00000000d6c80000,0x00000000d6c80000,0x00000000d8100000)
 ParOldGen       total 300032K, used 241802K [0x0000000080000000, 0x0000000092500000, 0x00000000d5580000)
  object space 300032K, 80% used [0x0000000080000000,0x000000008ec22828,0x0000000092500000)
 Metaspace       used 64804K, committed 66304K, reserved 1114112K
  class space    used 6604K, committed 7232K, reserved 1048576K
}
Event: 108.292 GC heap after
{Heap after GC invocations=194 (full 12):
 PSYoungGen      total 44032K, used 19981K [0x00000000d5580000, 0x00000000d9480000, 0x0000000100000000)
  eden space 23552K, 0% used [0x00000000d5580000,0x00000000d5580000,0x00000000d6c80000)
  from space 20480K, 97% used [0x00000000d6c80000,0x00000000d80036b0,0x00000000d8080000)
  to   space 20480K, 0% used [0x00000000d8080000,0x00000000d8080000,0x00000000d9480000)
 ParOldGen       total 300032K, used 241810K [0x0000000080000000, 0x0000000092500000, 0x00000000d5580000)
  object space 300032K, 80% used [0x0000000080000000,0x000000008ec24828,0x0000000092500000)
 Metaspace       used 64804K, committed 66304K, reserved 1114112K
  class space    used 6604K, committed 7232K, reserved 1048576K
}
Event: 109.970 GC heap before
{Heap before GC invocations=195 (full 12):
 PSYoungGen      total 44032K, used 43533K [0x00000000d5580000, 0x00000000d9480000, 0x0000000100000000)
  eden space 23552K, 100% used [0x00000000d5580000,0x00000000d6c80000,0x00000000d6c80000)
  from space 20480K, 97% used [0x00000000d6c80000,0x00000000d80036b0,0x00000000d8080000)
  to   space 20480K, 0% used [0x00000000d8080000,0x00000000d8080000,0x00000000d9480000)
 ParOldGen       total 300032K, used 241810K [0x0000000080000000, 0x0000000092500000, 0x00000000d5580000)
  object space 300032K, 80% used [0x0000000080000000,0x000000008ec24828,0x0000000092500000)
 Metaspace       used 65899K, committed 67328K, reserved 1114112K
  class space    used 6689K, committed 7296K, reserved 1048576K
}
Event: 110.002 GC heap after
{Heap after GC invocations=195 (full 12):
 PSYoungGen      total 43008K, used 20457K [0x00000000d5580000, 0x00000000d9680000, 0x0000000100000000)
  eden space 22528K, 0% used [0x00000000d5580000,0x00000000d5580000,0x00000000d6b80000)
  from space 20480K, 99% used [0x00000000d8080000,0x00000000d947a680,0x00000000d9480000)
  to   space 21504K, 0% used [0x00000000d6b80000,0x00000000d6b80000,0x00000000d8080000)
 ParOldGen       total 300032K, used 242586K [0x0000000080000000, 0x0000000092500000, 0x00000000d5580000)
  object space 300032K, 80% used [0x0000000080000000,0x000000008ece6af8,0x0000000092500000)
 Metaspace       used 65899K, committed 67328K, reserved 1114112K
  class space    used 6689K, committed 7296K, reserved 1048576K
}
Event: 111.169 GC heap before
{Heap before GC invocations=196 (full 12):
 PSYoungGen      total 43008K, used 42985K [0x00000000d5580000, 0x00000000d9680000, 0x0000000100000000)
  eden space 22528K, 100% used [0x00000000d5580000,0x00000000d6b80000,0x00000000d6b80000)
  from space 20480K, 99% used [0x00000000d8080000,0x00000000d947a680,0x00000000d9480000)
  to   space 21504K, 0% used [0x00000000d6b80000,0x00000000d6b80000,0x00000000d8080000)
 ParOldGen       total 300032K, used 242586K [0x0000000080000000, 0x0000000092500000, 0x00000000d5580000)
  object space 300032K, 80% used [0x0000000080000000,0x000000008ece6af8,0x0000000092500000)
 Metaspace       used 66664K, committed 68160K, reserved 1114112K
  class space    used 6764K, committed 7424K, reserved 1048576K
}
Event: 111.207 GC heap after
{Heap after GC invocations=196 (full 12):
 PSYoungGen      total 32256K, used 9561K [0x00000000d5580000, 0x00000000d8780000, 0x0000000100000000)
  eden space 22528K, 0% used [0x00000000d5580000,0x00000000d5580000,0x00000000d6b80000)
  from space 9728K, 98% used [0x00000000d6b80000,0x00000000d74d66b0,0x00000000d7500000)
  to   space 14336K, 0% used [0x00000000d7980000,0x00000000d7980000,0x00000000d8780000)
 ParOldGen       total 300032K, used 253608K [0x0000000080000000, 0x0000000092500000, 0x00000000d5580000)
  object space 300032K, 84% used [0x0000000080000000,0x000000008f7aa030,0x0000000092500000)
 Metaspace       used 66664K, committed 68160K, reserved 1114112K
  class space    used 6764K, committed 7424K, reserved 1048576K
}
Event: 113.728 GC heap before
{Heap before GC invocations=197 (full 12):
 PSYoungGen      total 32256K, used 31908K [0x00000000d5580000, 0x00000000d8780000, 0x0000000100000000)
  eden space 22528K, 99% used [0x00000000d5580000,0x00000000d6b52b48,0x00000000d6b80000)
  from space 9728K, 98% used [0x00000000d6b80000,0x00000000d74d66b0,0x00000000d7500000)
  to   space 14336K, 0% used [0x00000000d7980000,0x00000000d7980000,0x00000000d8780000)
 ParOldGen       total 300032K, used 253608K [0x0000000080000000, 0x0000000092500000, 0x00000000d5580000)
  object space 300032K, 84% used [0x0000000080000000,0x000000008f7aa030,0x0000000092500000)
 Metaspace       used 67120K, committed 68544K, reserved 1114112K
  class space    used 6813K, committed 7424K, reserved 1048576K
}
Event: 113.760 GC heap after
{Heap after GC invocations=197 (full 12):
 PSYoungGen      total 32768K, used 9733K [0x00000000d5580000, 0x00000000d8380000, 0x0000000100000000)
  eden space 22528K, 0% used [0x00000000d5580000,0x00000000d5580000,0x00000000d6b80000)
  from space 10240K, 95% used [0x00000000d7980000,0x00000000d8301450,0x00000000d8380000)
  to   space 10752K, 0% used [0x00000000d6e80000,0x00000000d6e80000,0x00000000d7900000)
 ParOldGen       total 300032K, used 253616K [0x0000000080000000, 0x0000000092500000, 0x00000000d5580000)
  object space 300032K, 84% used [0x0000000080000000,0x000000008f7ac030,0x0000000092500000)
 Metaspace       used 67120K, committed 68544K, reserved 1114112K
  class space    used 6813K, committed 7424K, reserved 1048576K
}
Event: 115.254 GC heap before
{Heap before GC invocations=198 (full 12):
 PSYoungGen      total 32768K, used 32261K [0x00000000d5580000, 0x00000000d8380000, 0x0000000100000000)
  eden space 22528K, 100% used [0x00000000d5580000,0x00000000d6b80000,0x00000000d6b80000)
  from space 10240K, 95% used [0x00000000d7980000,0x00000000d8301450,0x00000000d8380000)
  to   space 10752K, 0% used [0x00000000d6e80000,0x00000000d6e80000,0x00000000d7900000)
 ParOldGen       total 300032K, used 253616K [0x0000000080000000, 0x0000000092500000, 0x00000000d5580000)
  object space 300032K, 84% used [0x0000000080000000,0x000000008f7ac030,0x0000000092500000)
 Metaspace       used 67527K, committed 68992K, reserved 1114112K
  class space    used 6854K, committed 7488K, reserved 1048576K
}
Event: 115.268 GC heap after
{Heap after GC invocations=198 (full 12):
 PSYoungGen      total 32256K, used 9657K [0x00000000d5580000, 0x00000000d7f80000, 0x0000000100000000)
  eden space 22528K, 0% used [0x00000000d5580000,0x00000000d5580000,0x00000000d6b80000)
  from space 9728K, 99% used [0x00000000d6e80000,0x00000000d77ee6d0,0x00000000d7800000)
  to   space 7680K, 0% used [0x00000000d7800000,0x00000000d7800000,0x00000000d7f80000)
 ParOldGen       total 300032K, used 253624K [0x0000000080000000, 0x0000000092500000, 0x00000000d5580000)
  object space 300032K, 84% used [0x0000000080000000,0x000000008f7ae030,0x0000000092500000)
 Metaspace       used 67527K, committed 68992K, reserved 1114112K
  class space    used 6854K, committed 7488K, reserved 1048576K
}

